001 50353  51.8 126.6   51.43  126.39    呼玛
002 50632  48.8 122.0   48.46  121.55    博克图
003 50527  49.3 119.8   49.13  119.45    海拉尔
004 50727  47.2 120.0   47.10  119.57    图里河
005 50557  49.2 125.2   49.10  125.14    嫩江
006 50745  47.4 124.0   47.23  123.55    齐齐哈尔 
007 50756  47.5 127.0   47.26  126.58    海伦
008 50788  47.3 132.0   47.14  131.59    富锦
009 50873  46.9 130.4   46.49  130.17    佳木斯
010 50978  45.3 131.0   45.17  130.57    鸡西
011 50953  45.8 126.8   45.45  126.46    哈尔滨
012 54094  44.6 129.6   44.34  129.36    牡丹江
013 50838  46.3 122.1   46.05  122.03    乌兰浩特
014 54103  43.6 122.3   43.44  122.32    通辽钱家店
015 54161  43.9 125.3   43.54  125.13    长春
016 54292  42.9 129.5   42.53  129.28    延吉 
017 54363  41.7 125.9   41.41  125.54    通化
018 54342  41.8 123.5   41.44  123.27    沈阳
019 54324  41.6 120.5   41.33  120.27    朝阳
020 54471  40.7 122.2   40.40  122.16    营口
021 54497  40.0 124.4   40.03  124.20    丹东
022 54662  38.9 121.6   38.54  121.38    大连
023 54027  44.0 119.4   43.59  119.24    巴林左旗
024 54102  43.6 116.1   43.57  116.04    锡林浩特
025 53276  44.0 115.0   42.24  112.54    朱日和*
026 54208  42.1 116.5   42.11  116.28    多伦
027 54218  42.3 119.0   42.16  118.58    赤峰
028 54423  41.0 118.0   40.58  117.56    承德市
029 54401  40.9 115.2   40.47  114.53    张家口
030 53463  40.8 111.9   40.49  111.41    呼和浩特
031 53446  40.5 110.1   40.40  109.51    包头
032 53420  41.3 106.9   40.54  107.08    陕坝*
033 54511  39.0 116.3   39.36  116.17    北京
034 54527  39.1 117.2   39.06  117.10    天津
035 53698  38.1 114.5   38.02  114.25    石家庄
036 54714  37.5 116.4   37.26  116.19    德州
037 53798  37.0 114.5   37.04  114.30    邢台
038 53898  36.1 114.4   36.07  114.22    安阳
039 54765  37.5 121.4   37.32  121.24    烟台
040 54857  36.2 120.4   36.01  120.20    青岛
041 54843  36.7 119.1   36.45  119.11    潍坊
042 54823  36.7 117.0   36.41  110.59    济南
043 54938  35.1 118.4   35.03  118.21    临沂
044 54906  35.3 115.4   35.15  115.26    菏泽
045 58044  34.6 119.1   34.35  119.10    连云港
046 58144  33.6 119.0   33.36  119.02    淮阴(清江)
047 58028  34.3 117.6   34.17  117.09    徐州
048 58221  33.0 117.4   32.57  117.23    蚌埠
049 58203  33.0 115.9   32.56  115.49    阜阳
050 57083  34.8 113.6   34.43  113.39    郑州
051 57178  33.0 112.5   33.02  112.35    南阳
052 57297  32.1 114.1   32.08  114.03    信阳
053 58251  32.9 120.2   32.52  120.19    东台
054 58238  32.0 118.5   32.00  118.48    南京
055 58321  31.9 117.2   31.52  117.14    合肥
056 58361  31.0 121.4   31.07  121.23    上海县
057 58457  30.2 120.1   30.14  120.10    杭州
058 58424  30.5 117.0   30.32  117.03    安庆
059 58531  29.7 118.3   29.43  118.17    屯溪
060 58502  29.7 116.0   29.44  116.00    九江
061 57494  30.6 114.1   30.37  114.08    武汉
062 57378  31.2 112.5   31.10  112.34    钟祥
063 57584  29.4 113.1   29.23  113.05    岳阳
064 57461  30.4 111.3   30.42  111.18    宜昌
065 57662  29.0 111.6   29.03  111.41    常德
066 58562  30.0 121.6   29.52  121.34    宁波
067 58633  29.0 119.0   28.58  118.52    衢州
068 58659  28.0 120.6   28.00  120.40    温州
069 58731  28.0 118.6   27.55  118.32    浦城
070 58847  26.1 119.3   26.05  119.17    福州
071 58921  26.0 117.3   25.58  117.21    永安
072 58626  28.3 117.2   28.18  117.13    贵溪
073 58606  28.7 116.0   28.36  115.55    南昌
074 58813  26.8 116.2   26.51  116.20    广昌
075 57799  27.1 115.0   27.07  114.58    吉安
076 57993  25.9 115.0   25.51  114.57    赣州
077 57679  28.2 113.1   28.12  113.05    长沙
078 57872  27.0 112.5   26.54  112.36    衡阳
079 57972  25.8 113.0   25.48  113.02    郴州
080 57865  26.2 111.5   26.14  111.37    零陵
081 57745  27.4 109.7   27.27  109.41    芷江
082 59134  24.6 118.1   24.29  118.04    厦门
083 59117  24.3 116.1   24.16  116.06    梅县
084 59316  23.4 116.8   23.24  116.41    汕头
085 59082  24.8 113.6   24.48  113.35    韶关
086 59293  23.8 114.8   23.44  114.41    河源
087 59288  23.1 113.3   23.08  113.19    广州
088 59663  21.9 112.0   21.52  111.58    阳江
089 59658  21.1 110.5   21.13  110.24    湛江
090 59758  20.0 110.4   20.02  110.21    海口
091 57957  25.4 110.3   25.19  110.18    桂林
092 59044  24.5 109.4   24.28  109.24    柳州
093 59266  23.5 111.3   23.29  111.18    梧州
094 59431  22.9 108.3   22.49  108.21    南宁
095 59644  23.5 107.1   21.29  109.07    北海*
096 59211  24.0 106.5   23.54  106.36    白色
097 57713  27.7 107.0   27.42  106.53    遵义
098 57816  26.5 106.7   26.35  106.43    贵阳
099 57707  27.3 105.3   27.18  105.17    毕节
100 57902  25.5 105.3   25.26  105.11    兴仁
101 57932  25.9 108.6   25.58  108.32    榕江
102 57447  30.2 109.5   30.17  109.28    恩施
103 57328  31.3 107.5   31.12  107.30    达县
104 57633  29.0 109.0   28.50  108.46    酉阳
105 57516  29.6 106.5   29.35  106.28    重庆
106 57411  30.8 106.1   30.47  106.06    南充
107 57504  29.7 105.0   29.35  105.03    内江
108 56196  31.5 104.8   31.28  104.41    绵阳
109 56294  30.7 104.1   30.40  104.01    成都
110 56492  28.9 104.5   28.48  104.36    宜宾
111 56287  30.0 103.1   29.59  103.00    雅安
112 56374  30.1 102.1   30.03  101.58    康定
113 56571  27.9 102.3   27.54  102.16    西昌
114 56671  26.7 102.3   26.39  102.15    会理
115 56651  27.0 100.3   26.52  100.13    丽江
116 56751  25.8 100.2   25.42  100.11    大理
117 56748  25.3  99.3   25.07   99.10    保山
118 56778  25.0 102.7   25.01  102.41    昆明
119 56951  23.9 100.3   23.57  100.13    临沧
120 56985  23.3 103.4   23.23  103.23    蒙自
121 56959  21.9 100.9   22.00  100.48    景洪
122 56146  31.7 100.0   31.37  100.00    甘孜
123 56441  28.9  99.4   28.43   99.17    得荣
124 56137  31.2  97.0   31.09   97.10    昌都
125 55591  29.7  91.1   29.40   91.08    拉萨
126 57036  34.3 109.0   34.18  108.56    西安
127 57006  34.5 105.8   34.35  105.45    天水
128 56093  34.4 104.2   34.26  104.01    岷县
129 57127  33.0 107.3   33.04  107.02    汉中
130 57245  32.5 109.4   32.43  109.02    安康
131 57251  32.9 110.8   32.51  110.49    郧县
132 53882  36.2 113.1   36.03  113.04    长治
133 53772  37.9 112.5   37.47  112.33    太原
134 53868  36.1 111.5   36.04  111.30    临汾
135 53646  38.3 109.5   38.14  109.42    榆林
136 53845  36.8 109.5   36.36  109.30    延安
137 53923  35.8 107.8   35.44  107.38    西峰镇
138 52889  36.1 103.9   36.03  103.53    兰州
139 53905  37.1 105.5                    中宁
140 53614  38.5 106.3   38.29  106.13    银川
141 52866  36.5 102.0   36.37  101.46    西宁
142 52984  35.5 103.2   35.35  103.11    临夏
143 56033  35.0  98.1   34.55   98.13    玛多
144 56029  33.1  96.8   33.01   97.01    玉树
145 52679  38.1 103.0   37.55  102.40    武威
146 52652  39.0 100.6   38.56  100.26    张掖
147 52533  39.8  98.5   39.46   98.29    酒泉
148 52418  40.1  94.8   40.09   94.41    敦煌
149 51573  43.0  89.2   42.56   89.12    吐鲁番
150 51644  41.8  82.9   41.43   82.57    库车
151 51709  39.5  75.8   39.28   75.59    喀什
152 51828  37.1  80.0   37.08   79.56    和田
153 51855  38.1  85.5   39.09   85.33    且末
154 51777  39.1  88.1   39.02   88.10    若羌
155 52203  42.9  93.5   42.49   93.31    哈密
156 51076  47.9  88.1   47.44   88.05    阿勒泰
157 51133  46.8  83.0   46.44   83.00    塔城
158 51346  44.4  84.5   44.26   84.40    乌苏
159 51431  44.0  81.3   43.57   81.20    伊宁
160 51463  43.9  87.5   43.47   87.34    乌鲁木齐

